<?xml version="1.0" encoding="UTF-8"?>
<testsuite xmlns:xsi="http://www.w3.org/2001/XMLSchema-instance" xsi:noNamespaceSchemaLocation="https://maven.apache.org/surefire/maven-surefire-plugin/xsd/surefire-test-report.xsd" version="3.0.2" name="com.realproton.monitoringapp.MonitoringappApplicationTests" time="1.551" tests="1" errors="0" skipped="0" failures="0">
  <properties>
[...]
</properties>
  <testcase name="contextLoads" classname="com.realproton.monitoringapp.MonitoringappApplicationTests" time="0.407">
    <system-out><![CDATA[20:31:29.092 [main] INFO org.springframework.test.context.support.AnnotationConfigContextLoaderUtils -- Could not detect default configuration classes for test class [com.realproton.monitoringapp.MonitoringappApplicationTests]: MonitoringappApplicationTests does not declare any static, non-private, non-final, nested classes annotated with @Configuration.
20:31:29.146 [main] INFO org.springframework.boot.test.context.SpringBootTestContextBootstrapper -- Found @SpringBootConfiguration com.realproton.monitoringapp.MonitoringappApplication for test class com.realproton.monitoringapp.MonitoringappApplicationTests

  .   ____          _            __ _ _
 /\\ / ___'_ __ _ _(_)_ __  __ _ \ \ \ \
( ( )\___ | '_ | '_| | '_ \/ _` | \ \ \ \
 \\/  ___)| |_)| | | | | || (_| |  ) ) ) )
  '  |____| .__|_| |_|_| |_\__, | / / / /
 =========|_|==============|___/=/_/_/_/

 :: Spring Boot ::                (v3.4.4)

2025-04-24T20:31:29.357-04:00  INFO 99880 --- [monitoringapp] [           main] c.r.m.MonitoringappApplicationTests      : Starting MonitoringappApplicationTests using Java 22.0.2 with PID 99880 (started by saisreepothireddygari in /Users/saisreepothireddygari/Documents/monitoringapp)
2025-04-24T20:31:29.358-04:00  INFO 99880 --- [monitoringapp] [           main] c.r.m.MonitoringappApplicationTests      : No active profile set, falling back to 1 default profile: "default"
2025-04-24T20:31:30.044-04:00  INFO 99880 --- [monitoringapp] [           main] o.s.b.a.e.web.EndpointLinksResolver      : Exposing 14 endpoints beneath base path '/actuator'
2025-04-24T20:31:30.076-04:00  INFO 99880 --- [monitoringapp] [           main] c.r.m.MonitoringappApplicationTests      : Started MonitoringappApplicationTests in 0.87 seconds (process running for 1.279)
]]></system-out>
    <system-err><![CDATA[Mockito is currently self-attaching to enable the inline-mock-maker. This will no longer work in future releases of the JDK. Please add Mockito as an agent to your build what is described in Mockito's documentation: https://javadoc.io/doc/org.mockito/mockito-core/latest/org/mockito/Mockito.html#0.3
WARNING: A Java agent has been loaded dynamically (/Users/saisreepothireddygari/.m2/repository/net/bytebuddy/byte-buddy-agent/1.15.11/byte-buddy-agent-1.15.11.jar)
WARNING: If a serviceability tool is in use, please run with -XX:+EnableDynamicAgentLoading to hide this warning
WARNING: If a serviceability tool is not in use, please run with -Djdk.instrument.traceUsage for more information
WARNING: Dynamic loading of agents will be disallowed by default in a future release
]]></system-err>
  </testcase>
</testsuite>